efc9c7d29	2017-09-27	[css-flexbox] Revert the changes from #1735, but re-apply the adjusted opening paragraph wording, and add some notes about the behavior so we remember our intentions in the future.
a2c51a559	2017-09-27	[css-flexbox] Update DoC
1f755102b	2017-09-27	[css-flexbox] Fix markup. #1735
3b376d884	2017-09-26	Update transition-updated-cr-2017-09.md
f1e21d3a0	2017-09-21	[css-flexbox] Split step into two <li>s. #1735 https://github.com/w3c/csswg-drafts/issues/1735#issuecomment-330717704
ce3afc93a	2017-09-21	[css-flexbox] Prevent divide by zero in new flex container intrinsic size math. #1735 https://github.com/w3c/csswg-drafts/issues/1735#issuecomment-330716953
cc9d1a888	2017-09-21	[css-flexbox] Clarify outer vs inner flex base sizes in flex container intrinsic size calculation. https://github.com/w3c/csswg-drafts/issues/1735#issuecomment-330713449
532e12c4c	2017-09-19	Fix typo (<var> wanted to be </var)
1ddd30399	2017-09-19	[css-flexbox] Address dholbert's comments wrt dimensional mismatch for flex shrink factors. #1735
c30b0c058	2017-09-14	Update transition-updated-cr-2017-09.md
4b6663284	2017-09-14	Update transition-updated-cr-2017-09.md
e80c40f5a	2017-09-14	Update transition-updated-cr-2017-09.md
c14e1fd81	2017-09-14	[css-flexbox] Reorder steps in list. (No-op.)
4c71598ba	2017-09-13	[css-flexbox] Update changes list
cd4c3e47e	2017-09-13	[css-flexbox] Fortunately, we're tasked with making pretty HTML diffs of our changes before we publish, so I get to notice nonsensical errors like this one in our edits for fixing #995. Correct use of start/end vs first/last in definition of baselines, cuz the original fix was random and not correct. >_<
95e3359ee	2017-09-13	Update transition-updated-cr-2017-09.md
e79d5484d	2017-09-13	Update transition-updated-cr-2017-09.md
9f5457290	2017-09-13	Create transition-updated-cr-2017-09.md
46534d8a8	2017-09-13	[css-flexbox] Update DoC
0b6e8f130	2017-09-13	[css-flexbox] Regen DoC
5c66e72c4	2017-09-13	[css-flexbox][css-grid] Fix calculation of intrinsic sizes of grid/flex containers when tracks/items flex factors sum to less than one. #1735
5de167547	2017-09-13	[css-flexbox] Clean up wording for dividing by flex factor in finding max-content flex fraction. Fixes #1803.
045029fa0	2017-09-12	[css-flexbox] Fix some link errors.
1d91091a6	2017-09-11	[css-flexbox] Update DoC
7067a1f46	2017-09-11	[css-flexbox] Update DoC
b421e801d	2017-09-07	[css-flexbox] Fix forking error.
6e04073fe	2017-09-06	[css-flexbox] Clarify specified size in previous edit. #1435.
bfa057233	2017-09-06	[css-flexbox] Update DoC
78a1c451f	2017-09-06	[css-flexbox] Make it possible to have absolute flex ratios, as was always intended. Fixes #316.
5b5db39d2	2017-09-06	[css-flexbox] Allow flex items with indefinite flex size to be definite wrt resolving percentages inside them. #1679.
5b24135b2	2017-09-06	[css-flexbox] Account for specified size in determining max-content contributions of flex items. Fixes #1435.
b875d21e2	2017-09-06	[css-flexbox] Update DoC
dde6400d0	2017-09-06	[css-grid][css-flexbox] s/Implied/Automatic/ in title to avoid confusion. Fixes #1780
76e86112a	2017-08-09	[css-grid] Define automatic minimum size as specified, falling back to transferred, falling back to content, rather than minning transferred and content as we do for flex items. Fixes #1149.
