b66764804	2017-10-11	THE GREAT NUMBERING - put all specs into numbered directories, per WG resolution, and use Shepherd to set which level is currently shown for the unleveled url.
abc67e82c	2017-09-29	Update transition-updated-cr-2017-09.md
859d374c1	2017-09-29	Update transition-updated-cr-2017-09.md
7a362e1f6	2017-09-29	Update transition-updated-cr-2017-09.md
d38d28eb6	2017-09-29	Update transition-updated-cr-2017-09.md
f35e05957	2017-09-29	Update transition-updated-cr-2017-09.md
fbd25773c	2017-09-29	Update transition-updated-cr-2017-09.md
7cf2eba9a	2017-09-29	Update transition-updated-cr-2017-09.md
91a973d8c	2017-09-29	Update transition-updated-cr-2017-09.md
10ffdda73	2017-09-29	Create transition-updated-cr-2017-09.md
76ee2cddc	2017-09-27	[css-backgrounds-3] Fix some markup errors.
efe4ddb03	2017-09-27	[css-backgrounds-3] Fix bikshed markup errors.
2e7b57f44	2017-09-27	[css-backgrounds-3] Update DoC
b595ebd8d	2017-09-27	[css-backgrounds-3] Update DoC
4e09a0a37	2017-09-21	[css-backgrounds] Regen to fix markup error.
1921f3620	2017-09-21	[css-backgrounds-3] Add missing angle bracket caught by SebastianZ.
8bbec93f9	2017-09-21	[css-backgrounds-3] Update DoC
6c14f12ee	2017-09-21	[css-backgrounds-3] Remove confusing and unused definition of absent borders.
aa239271d	2017-09-21	[css-backgrounds-3] Use bzbarsky's improved wording for defining border-style. <https://lists.w3.org/Archives/Public/www-style/2017Sep/0047.html>
20985e15d	2017-09-21	[css-backgrounds-3] Switch over prose to using <<length-percentage>> to fix #645.
ad2e18174	2017-09-21	[css-backgrounds-3] Fix cross-links. #150
8facbe87e	2017-09-21	[css-backgrounds-3] Mention omission of middle image in sizing/tiling algorithm. Fixes #149, editorial.
17a7bec9c	2017-09-21	[css-backgrounds-3] Make keyword mapping more precise for border-image-repeat. Fixes #148.
d66dd6d37	2017-09-21	[css-backgrounds-3] Update DoC
fc7cef058	2017-09-21	[css-backgrounds] Address wording concern wrt border-style border-image interaction. <https://lists.w3.org/Archives/Public/www-style/2015Nov/0258.html>
0554dbab7	2017-09-20	[css-backgrounds] Convert to Bikeshed (via minimal code changes, full source code reformatting saved for L4)
