8672120	2017-09-26	Update README.md
95ea2f1	2017-09-18	Editorial: Update Array.prototype.toLocaleString to mirror the algorithm in ECMA-262. (Fixes #173)
c22ca3b	2017-09-08	Editorial: Fix duplicate anchors
f15a995	2017-08-25	Use correct syntax to call %Date_now%
709fac6	2017-08-25	Remove no longer used %ArrayProto_includes% entry
1738ff4	2017-08-25	Retrieve hour-cycle from DateTimeFormat slot when processing the hour12 options property
fe62317	2017-08-25	The options values can also be , update the assertion accordingly
2e6f692	2017-08-25	Change two more arrays to lists
52c95a4	2017-08-25	Add examples for UnicodeExtensionValue
042a161	2017-08-11	Editorial: Fix #141: Clarify sec-canonicalizelanguagetag language about steps required not to be taken.
f33ed83	2017-08-10	editorial: keep using [[&lt;fieldName&gt;]] for consistent for now. follow up on PR #158
1d7e76c	2017-08-10	Various editoral fixes
1610bb3	2017-08-10	Use records and fields for internal locale data
920af4e	2017-08-10	Bug fixes and simplifications for ResolveLocale
f5bf225	2017-08-10	Don't inherit options from ObjectPrototype in FormatDateTime
baf7878	2017-08-10	Simplifications for abstract operations
6b5cf68	2017-08-10	Various editorial changes
03b1008	2017-08-03	Update formatToParts proposals links (#154)
a9492cb	2017-08-02	Various editoral fixes
fcd6157	2017-08-02	Use records and fields for internal locale data
a0f7f7b	2017-08-02	Bug fixes and simplifications for ResolveLocale
18edad7	2017-08-02	Don't inherit options from ObjectPrototype in FormatDateTime
e900d66	2017-08-02	Simplifications for abstract operations
b08c28c	2017-08-02	Various editorial changes
1493909	2017-08-02	Spell out to which values hour12 should be set in resolvedOptions()
2f681f3	2017-08-02	Set [[HourCycle]] to undefined when [[Hour]] is undefined
0182252	2017-08-02	Fix typo: HourCucle -> HourCycle
4d771c8	2017-08-02	Allow to set hourCycle through the hc Unicode extension value
c8b9f6e	2017-08-02	Retrieve 'hourCycle' and 'hour12' from options object even when not used
