c0e07a8	2017-10-12	Normative: Do not remember module instantiation errors. (#1006)
99fee06	2017-10-12	Editorial: Use List in Decode/Encode, & Decode doesn't need to check the reserved-set for non-ASCII characters (#1015)
b26b76f	2017-10-12	Editorial: Use HTTPS for ecma-international.org URLs (#1017)
f6744ed	2017-10-12	Editorial: Use HTTPS for unicode.org URLs (#1016)
c164be8	2017-09-28	Editorial: make ISO/IEC 10646 reference unversioned (closes #1011)
746fe62	2017-09-28	Editorial: Add %JSONParse% for Fetch et al (#1013)
99f96fd	2017-09-28	Editorial: consistify Well-Known Intrinsic Objects table (#1014)
de77aae	2017-09-19	Editorial: Add '(API)' after 'application programming interface'. (#1004)
a1d743e	2017-09-13	Normative: Adding explicit number conversion to %TypedArray%.prototype.sort (#1000)
e263df2	2017-09-12	extract IsStringPrefix abstract op
49de3e7	2017-09-12	remove spaces around dashes
33ac102	2017-09-12	move string prefix definition to algo notes
a7aee9f	2017-09-12	move "evaluation order" to inline note
1446039	2017-09-12	align note with linked algo's similar note
6259b96	2017-09-12	made type checks more explicit
645f339	2017-09-12	add spaces around dashes
be7951a	2017-09-12	Editorial: Use IsConstructor instead of checking [[Constructor]]
272beb6	2017-09-08	Editorial: Remove step scoping of named aliases.
b1e4763	2017-09-08	Editorial: Convert two loops to standard loop syntax
99b161f	2017-09-08	Normative: Add idempotence restriction to the ResolveExport() method of abstract module records
ce3a322	2017-09-08	Normative: Return the module evaluation result from ModuleExecution
e55a26b	2017-09-08	Editorial: Don't call ReturnIfAbrupt to ensure "status" is a completion record
a5669bf	2017-09-08	Editorial: Allow zero code points to properly handle the SV of LineContinuation
abf90e9	2017-09-08	Editorial: Correct variable name in note for GetFunctionRealm
706c0d7	2017-09-08	Editorial: s/to/the/ and add a 'the'
25f18be	2017-09-08	Editorial: Revert "Editorial: change defn of [lookahead = ...] to match uses"
7ca749c	2017-09-08	Editorial: Add type check before testing for internal slot presence
a615086	2017-09-08	Editorial: Remove extra var in RegExpBuiltinExec (#996)
b5c91f8	2017-09-08	Editorial: Extract thisSymbolValue abstract op (#995)
6a2b7d7	2017-09-07	Editorial: Let "the Number value" be defined for 0 (#990)
64ce9f9	2017-09-07	Editorial: Create OrdinarySetWithOwnDescriptor (#992)
54a0c8c	2017-09-07	Editorial: Add a few well-known intrinsic objects (#993)
9bbc31c	2017-08-31	Editorial: Remove out-of-date sentence about execution contexts (#986)
7fa0bb2	2017-08-29	Editorial: Call SpeciesConstructor in TypedArray constructor to reduce indirections (#844)
549cf46	2017-08-28	Editorial: further clarify note on return statement
4b9e906	2017-08-24	Normative: restore mistakenly deleted TV of TemplateCharacter alternative
7a2d3f0	2017-08-23	Editorial: refactor EvaluateCall/EvaluateDirectCall
aab1ea3	2017-08-22	Editorial: Add type attribute to emu-grammar elements
958c7b1	2017-08-19	Editorial: insert <tbody> into <table>
20fb274	2017-08-19	Editorial: use title-case in clause header
b1a9c1c	2017-08-19	Editorial: "Field" -> "Field Name"
ef8a880	2017-08-19	Editorial: Unfold the only invocation of CaseSelectorEvaluation.
05e944a	2017-08-19	Editorial: factor out CaseClauseIsSelected()
5fe0225	2017-08-19	Editorial: add oldids="sec-primary-expression-template-literals-static-semantics-early-errors"
e42697d	2017-08-19	Editorial: Introduce 'oldids' attribute
3634448	2017-08-19	Editorial: omit grammatical parameters from 'use' productions
cccdaf1	2017-08-19	Editorial: introduce the term "reparsing"
f5fddd8	2017-08-19	Editorial: insert missing 'settings' for grammatical parameters
445a0ce	2017-08-19	Editorial: eliminate "the source text corresponding to |X|"
bfecd4f	2017-08-19	Editorial: Standardize more terminology re code units.
3484815	2017-08-19	Editorial: "at index _p_ (within|in|of) _str_": pick "within"
c167109	2017-08-19	Editorial: "the length of X" -> "the number of elements in X"
5ba88b0	2017-08-19	Editorial: "the number of elements in X" -> "the length of X"
13ff851	2017-08-19	Editorial: insert code unit names
868d2a5	2017-08-19	Editorial: Standardize on "the code unit 0xhhhh"
c1054c0	2017-08-19	Editorial: "the String" -> "the String value"
f7de744	2017-08-19	Editorial: "the ECMAScript String" -> "the String"
94c75fb	2017-08-19	Editorial: change "a String" to "the String" where appropriate
957a25c	2017-08-19	Editorial: use string-concatenation to simplify some steps
2aea8f3	2017-08-18	Editorial: fix typo in HasRestrictedGlobalProperty description (#973)
81583bc	2017-08-18	Editorial: Add DFNs for function object and constructor (#974)
30975ff	2017-08-18	Editorial: Add DFN for array index (#977)
d075fe7	2017-08-18	Normative: Fix [?Await] in async function FormalParameters (#978) (#979)
a3e06cb	2017-08-18	Normative: Add Annex B definition of [[isHTMLDDA]] slot to support document.all (#673)
