165101a9	2017-10-13	Fix module script error handling, again
eb17128c	2017-10-11	Meta: export "custom elements" and window.open()
315f4950	2017-10-10	Fix typo in a canvas example
e1533f1d	2017-10-09	Regression fix: continue to defer to CSSOM for window.open()'s features
0ce114d2	2017-10-09	Regression fix: tokenize features earlier in window.open()
9252cf88	2017-10-06	Editorial: add missing <hr>
fae77e3c	2017-10-06	Require UTF-8
e46cf130	2017-10-05	Clarify the alternatives for <script language>
7ce8d476	2017-10-05	Editorial: fix intra-spec link for setTransform(matrix)
d6b4a00a	2017-10-05	Require servers to use text/javascript for JavaScript
d4d1704f	2017-10-03	Integrate dynamic import()
54585137	2017-10-03	Editorial: move base URL from "module script" to "script"
9275d955	2017-10-03	Make integrity="" work on module scripts
6bf4f3cf	2017-10-03	Make attribute order not matter for <progress>
458347c0	2017-10-03	Expose MessagePort to AudioWorklet
dad489cb	2017-10-03	Editorial: fix URLs to avoid redirects; use https
542be55f	2017-10-02	Define document.all as having [[IsHTMLDDA]]
ae33c29e	2017-10-02	Fix some broken/stale external and internal links
f3d90c5d	2017-10-01	Update CSS Overflow reference to version we need
8f2146b8	2017-09-28	Clarify canvas coordinate system
0e31ffa4	2017-09-27	Add Secure Contexts to References section
75cce622	2017-09-27	Swap the words “pick” and “toggle” (§ 4.11.3 “Commands”)
766dcd3b	2017-09-26	Remove FileAPI monkey-patch
5b19b37c	2017-09-26	Do nothing for NaN in setTransform(transform)/addPath(b, transform)
f3c354ad	2017-09-22	Centralize checks for <a>, <area>, <form>, and <link>
7df23780	2017-09-22	Editorial: cross-reference transparent black
d751591e	2017-09-22	Editorial: non-zero -> nonzero
9fda90f4	2017-09-21	Make shared worker creation deterministic
e40797b9	2017-09-21	Change ImageBitmap construction to use RangeError
5a51d3e1	2017-09-21	Throw when resizing OffscreenCanvas placeholder
f0f7a14c	2017-09-21	Editorial: no IDL attribute is said to reflect an HTMLElement anymore
07f699a6	2017-09-21	Fix the processing model for img.decode()
470e168a	2017-09-18	Clarify prose around JavaScript MIME types
3f1cd016	2017-09-16	Clarify template content model and syntax
4aaacb72	2017-09-14	Treat text track chapters as metadata
b143dbc2	2017-09-14	Remove registerContentHandler() and several friends
9c612ac8	2017-09-14	Improve <style> and <script> processing and conformance
5a1f4812	2017-09-09	Make some minor fixes to the FAQ
05a109fc	2017-09-09	Editorial: Update Intersection Observer spec URL
0679448c	2017-09-08	Editorial: switch HTMLAllCollection legacycaller to custom [[Call]]
1ed6d11a	2017-09-07	Give <script type> its own place in the Attributes index
f2a32c04	2017-09-07	Use [Exposed=Window] even more
dce999aa	2017-09-06	Editorial: refactor classic and module scripts to be more alike
6b20dfb8	2017-09-06	Editorial: decrease traversals for module graph fetching
5d512fe6	2017-09-06	Bring outdated parts of the FAQ up to date
9c209523	2017-09-06	<a> and <area> are not window named objects
0b31844d	2017-09-06	Editorial: centralize target attribute processing
8f719cd3	2017-09-06	Make synthetic mouse events composed
a68a1f71	2017-09-05	Make noopener stop the copying of session storage
ea14be5f	2017-09-05	Remove the pending dialog stack in favor of the top layer
b324468b	2017-09-04	Editorial: fix style element's style data typography
21ffd249	2017-08-31	Meta: Fix link-fixup.js following a change in wattsi
37a3ae83	2017-08-31	Editorial: Remove unused reference [AUXCLICK]
0865c4d3	2017-08-31	Meta: make link-fixup.js only look at the path for 404s
d033b46c	2017-08-30	Regression fix: expose Path2D once
43a1c0cf	2017-08-30	Fix link to <flag-icon> in acknowledgments
361207c9	2017-08-29	Remove "onhide" from obsolete attributes
cdc5273b	2017-08-29	Editorial: the auxclick event has moved specifications
0edc164e	2017-08-29	Use DOMMatrix2DInit dictionary in 2d canvas setTransform()/addPath()
5f59b7a7	2017-08-28	Fetch removes type in favor of just destination
05d0ae71	2017-08-28	Editorial: Clarify what happens to U+0000 chars
bf139cb8	2017-08-24	Regression fix: only repeat a single step
f8a21240	2017-08-23	Fix typo in previous commit
f8e293fa	2017-08-23	Add history.index
c441d703	2017-08-22	Use [Exposed=Window] consistently
5a6fef58	2017-08-22	Make U+0000 a parse error in bogus comment and bogus DOCTYPE states
d967dc01	2017-08-22	Limit crossOrigin reflection to only known values
d2c2d4e0	2017-08-22	Meta: export Document's onreadystatechange
b9b9d60f	2017-08-21	Remove <applet>
d0154579	2017-08-20	Meta: export event handler <dfn>s
00048945	2017-08-19	Fix broken step reference in “fire a DND event” algorithm
cb8405ea	2017-08-19	Meta: fix link-fixup to work when there's no fragment
df05a091	2017-08-19	Dev edition: display the caniuse panels
cf02423d	2017-08-19	Fragment navigation should use replacement enabled
384c30c5	2017-08-19	Track HTML parser form-associated elements with a flag
c230f550	2017-08-19	Fix scrolling to fragments
a99b51eb	2017-08-19	Meta: move deploy process to Travis
