e384f52	2017-09-13	add polyfill into the file list
b815b9c	2017-09-12	clean up
5a2f450	2017-09-12	test auto-pub
aa99f06	2017-09-12	set up auto-pub
1b81b99	2017-09-06	update WG id and contributing suggestions
b1753c2	2017-09-04	Update further uses of the GitHub WICG to w3c
9610a8a	2017-09-04	Update the README to fix the link to the spec
90f20d2	2017-09-01	editorial clean up
b7d6235	2017-08-29	Release polyfill version 0.4.2
ce32563	2017-08-29	Update tests to pass native implementations
a6e16dc	2017-08-29	Use strict boolean for previousIsIntersecting
c17f1de	2017-08-29	Remove unnecessary _checkForIntersections
79e75c5	2017-08-29	Add test for an observe call after monitoring has begun
92ce826	2017-08-28	Fix spec link in README
306998d	2017-08-28	Update implementation status for Firefox
510fa96	2017-08-28	Release polyfill version 0.4.1
33d6248	2017-08-28	Fire intersection events on isIntersecting changes
109f26c	2017-08-24	Apply Edge isIntersecting polyfill to global IntersectionObserverEntry
ac33b7e	2017-08-23	Look for isIntersecting on the global IntersectionObserverEntry
2d47291	2017-08-23	typo
e79fec8	2017-08-19	Check for intersections each time a node is observed
381f8f0	2017-08-19	Look for intersectionRatio on the global IntersectionObserverEntry
