2c70218	2017-09-07	Fix #32: Change "in parallel" to "queue a task"
7c48cd1	2017-09-07	Fix spec group (to web platform)
324efd8	2017-09-07	Updated IDL to specify the Promise for request - #18
25dbe85	2017-09-07	Renumber algorithm steps
dba3e45	2017-09-07	Create tag-security-privacy.md
7dea8ad	2017-09-07	Added examples to fix #28 and #31
28b670e	2017-09-07	Fix #8: note that captured keys bypass UA handling
b5be2ff	2017-09-07	Fix #22: automatically call cancelKeyboardLock when closing
8f65d73	2017-09-07	Improve fullscreen/focus definitions, as per #3
db12071	2017-09-07	Fix #24: improve isFullscreen definition
37ffde9	2017-09-05	Fix #21: specify default param for requestKeyboardLock keyCodes
4b3c2b0	2017-09-05	Fix #29: More explicit algorithm for requestKeyboardLock
9c8de10	2017-09-05	Fix #25: Add note about multiple calls to requestKeyboardLock
fa325f7	2017-09-05	Revert "Revert "Fix #27: broken link to keyboard event |code| dean""
ea2f0e2	2017-09-05	Revert "Fix #27: broken link to keyboard event |code| dean"
13cf4bf	2017-09-05	Fix #27: broken link to keyboard event |code| dean
5724c10	2017-09-02	Security: Fullscreen + Pointer Lock
f689db9	2017-09-02	More Security text update (long Escape)
3aaef5e	2017-09-02	Update Security section for exiting via long press Escape
87a6551	2017-09-01	Update Mobile and Security sections; Change from WD to ED
