fdb8dfb	2017-10-13	Review comments from Tobie
2af5768	2017-10-13	Give values directly to algorithms
b28bcab	2017-10-13	Fix fingerprints error
35d8aeb	2017-10-13	Fix new comments from Matt
65f120d	2017-10-13	Fix review comments from Matt
87f573d	2017-10-13	Add IDL processing
764581b	2017-10-13	More review fixes
8c948fe	2017-10-13	Review comments
27e1aad	2017-10-13	Add IDL section and define IDL for all the members
09b779c	2017-09-22	Removed six occurrences of superfluous spaces after quotes.
e0e053f	2017-09-20	Revert "Add IDL section and define IDL for all the members"
c434135	2017-09-20	Add IDL section and define IDL for all the members
9641388	2017-09-07	Export the 'install' term.
54de4d7	2017-09-06	Use [Exposed=Window]
3c39e60	2017-09-05	Editorial: change links from http to https (#607)
6561007	2017-08-28	Alphabetizing Implementation Status
1479f0d	2017-08-28	Adding WebKit
4fb4210	2017-08-28	Adding EdgeHTML
f286ba0	2017-08-28	chore: add Rob Dolin as co-editor
9642178	2017-08-28	chore: tidy
bf14335	2017-08-28	feat: add categories member (resolves #569) (#598)
