0e4933e	2017-09-26	Editorial: UAs should not alter value string (addresses #624) (#631)
7e4a2ca	2017-09-19	Editorial: clarify total in example * closes #622
dde06be	2017-09-19	Editorial: fix link to currencySystem discussion
d2cc9cd	2017-09-18	Editorial: Typo fix in example (#623)
04af2af	2017-09-15	chore: auto publication no longer needed (#621)
d0879f2	2017-09-15	chore: fully active test renamed
25b7100	2017-09-14	tests: link updateWith auto test
dc01541	2017-09-14	Editorial: typo
624360e	2017-09-14	tests: link PaymentRequestUpdateEvent ctor tests
eeba60f	2017-09-14	tests: link shippingAddress correctly
33726d3	2017-09-14	test: user accepts payment request algo
0d96831	2017-09-13	Editorial: fix markup (#619)
e3cf8b1	2017-09-11	tests: link iframe tests
90992dc	2017-09-11	test: add shippingAddress test link
38eae60	2017-09-11	tests: link additional tests
3f65602	2017-09-11	test: link to throw_if_not_active.https.html
37c1ce5	2017-09-08	removed extra "the" (#616)
3728619	2017-09-08	Editorial: switch back to ED
f2e3986	2017-09-08	Editorial: switch to CR status (BETA)
eaa5ab0	2017-09-08	editorial: fix markup
ac4398a	2017-09-08	Construct and set attrs on PaymentAddress (#607)
6bc1125	2017-09-08	Dont block UI if .updateWith() not called (closes #589) (#591)
30f32e0	2017-09-08	Only select shippingOption if asked to (closes #609) (#610)
499b3ac	2017-09-07	Clarify CR exit requirements (#598)
9a379d7	2017-09-07	Editorial: explicitly Expose=Window IDL interface (#612)
45ef36e	2017-09-06	tests: link to crash tests
58c6867	2017-09-05	Editorial: redundant conformance req
58f448b	2017-09-05	Fix PaymentAddress attr definition (closes #601) (#604)
ada41a3	2017-09-05	Canonicalize PaymentAddress.languageCode (closes #602) (#605)
f854a05	2017-09-05	Editiorial: missing word
3fb1879	2017-09-05	Editorial: remove more redundant words
5fc9c89	2017-09-05	Editorial: add json-serialized desc back in
890c679	2017-09-05	Editorial: typo
2cefb58	2017-09-05	Editorial: markup and consistency fixes
911b675	2017-09-04	Editorial: drop unhelpul ednotes
685f37c	2017-09-04	Editorial: add example titles, move formal def
08e9ca1	2017-09-04	Editorial: s/message/object
e8ac06e	2017-09-04	Editorial: mark Encryption of data fields as informative
82a3bad	2017-09-04	tests: link to algorithm tests
d8bd3bb	2017-09-04	tests: link to shippingOption attr test
9e339d0	2017-09-04	Throw on dup shippingOptions ids (#596)
8307698	2017-09-01	Editorial: Less pull centric (#599)
658f807	2017-08-31	Validate PMIs in supportedMethods (#581)
63c479a	2017-08-25	editorial: redundant conformance requirement
a13ff05	2017-08-25	editorial: fixup xrefs in Dependencies section
77e4f33	2017-08-24	editorial: ucase SHOULD in normative text
d81183e	2017-08-22	chore: markup and tidy
70a4769	2017-08-22	tests: link initial payment-response tests
e83ba3a	2017-08-21	editorial: PaymentRequest description is note
d468a15	2017-08-21	editorial: rewrite pay response details attr (#586)
71c03d4	2017-08-17	editorial: clarify currency mem is alphabetic code (#587)
76bd629	2017-08-16	editorial: s/flag/member for dictionaries
88d2836	2017-08-16	editorial: add example of .toJSON()+fetch POST (#583)
a5e82c6	2017-08-15	Do not show payment requests for non-fully-active documents (#579)
c606c26	2017-08-15	editorial: relocate CR criteria
52563ad	2017-08-15	editorial: fix markup error
dd82170	2017-08-14	Editorial: small typos
a9c6a1f	2017-08-11	Add section on Payment Handler Matching (#582)
7438373	2017-08-10	editorial: better describe how .data + .show() work (#578)
343fe47	2017-08-07	editorial: fix double note
c2783a1	2017-08-03	Update test-plan.md
f3fe1a0	2017-08-03	Update test-plan.md
fac90aa	2017-08-03	Update test-plan.md
d531716	2017-08-03	Update test-plan.md
4e1cea1	2017-08-03	Added some notes from IJ about setting up harness
229ff1c	2017-08-02	editorial: move request var creation down a bit It doesn't make sense to create the variable and immidietely throw without using it.
fc7da16	2017-08-02	editorial: label dict members and quote enums
ae56256	2017-08-02	editorial: test was in wrong place
26a346c	2017-08-02	editorial: fix link to tests
d47c0a0	2017-08-02	Editorial: test annotations (#570)
f5badaa	2017-08-02	validate PaymentCurrencyAmount.currency (#567)
00b1ffb	2017-08-02	editorial: s/Event/PaymentRequestUpdateEvent (closes #538) (#569)
12e3777	2017-08-02	define PaymentRequest.shippingType attribute (#568)
