82be55f	2017-09-19	Address anssiko@ comment, rewrap a few lines
5345fad	2017-09-18	Respond to tidoust@ comments
6aca294	2017-09-15	Rewrap
bfb0098	2017-09-15	Add disableRemotePlayback definition
ee5903d	2017-09-06	Use [Exposed=Window]
f01206f	2017-08-28	Improve i18n notes based on feedback
337e83d	2017-08-28	Make the note on steps order in case of abrupt disconnection normative
a274d16	2017-08-25	Make first note in 6.2.1.2 purely informative
49605b2	2017-08-25	Adjust text to avoid using RFC2119 terms altogether in informative notes
951b074	2017-08-25	Address editorial comments
9f19b24	2017-08-25	Adjust notes to clarify informative/normative intent
623b2b2	2017-08-25	Add i18n-related informative notes about locale passing between devices
136e3cf	2017-08-24	Fix #70: Note srclang hint to address i18n comment
195e302	2017-08-14	Update SOTD per suggestion from anssiko@.
1744636	2017-08-14	Remove RFC terms from the note
cb16dd4	2017-08-14	Add pr-preview file
4f3efd0	2017-08-14	Mark Anton Vayvod as former editor.
477ed77	2017-08-14	Remove RFC terms from the note, continued
e2aaf9b	2017-08-09	Remove RFC terms from the note
dc28802	2017-08-09	Add pr-preview file
75b269e	2017-08-04	Mark Anton Vayvod as former editor.
