ca9b3ee	2017-09-26	Make 'Conditions to expose sensor readings' must
0872ae1	2017-09-26	Remove duplicate Service Worker inline issue (#286)
9e93cd0	2017-09-26	Introduce "condition to update latest reading" (#280)
29065ab	2017-09-26	A small fix in 'Reading change threshold' description
b918749	2017-09-26	Introduce Default Sensor concept
4a97c28	2017-09-25	Add index.html
5bf848e	2017-09-25	Define sensor.hasReading accessor that checks timestamp of this. Fixes gh-269
3f1463b	2017-09-25	Fix typo: treshold => threshold
c43fdc7	2017-09-22	Split security & privacy questionnaire
91f0e10	2017-09-20	Introduce a Reading Change Treshold concept
625742e	2017-09-20	Fix mistypes
f737caf	2017-09-20	Redefine [=sensor=] concept
b60b471	2017-09-20	Fix typos
4f5f261	2017-09-20	Add explicit SOP violations checkpoint
871549c	2017-09-20	Fix #193: Define extension spec Security & Privacy expectations
298c81d	2017-09-20	Add information to "Extending the Permission API" section (#265)
d5f75e3	2017-09-19	Answer Security and Privacy self review questionnaire
efe0228	2017-09-19	Fix Bikeshed custom header rendering bug
ed1a441	2017-09-18	Add note on prerequisites
0fed0c0	2017-09-18	Check for undefined accuracy in UI
9b56221	2017-09-18	Refer proper argument in onerror
3f41e3a	2017-09-18	Remove redundant event argument from onreading in proposal.js
c884912	2017-09-18	Rename dispatched event change -> reading in polyfill
6f1fa6d	2017-09-18	Use simple event for reading in proposal.js
55ba1d1	2017-09-15	Do not fire statechange in polyfill
7fed0a6	2017-09-15	Update state names in polyfill
a8ea3ae	2017-09-15	Expose reading properties on sensor in polyfill
883f854	2017-09-15	Update proposal.js to match the spec
af9b5dc	2017-09-15	Tie [=latest reading=] map to an origin
817575b	2017-09-15	Rename ondata -> onreading in polyfill
cc3de46	2017-09-15	Do not expose state in polyfill
748bcc2	2017-09-06	Use [Exposed=Window] in example too
34c9bb7	2017-09-06	Use [Exposed=Window]
9bd9a8e	2017-08-30	Fix #261: Rename Error -> onerror in state diagram
ce67aeb	2017-08-25	Improvements for use cases document (#256)
b64b58e	2017-08-25	Fix a couple of algorithms with their use of variables
f5408d7	2017-08-25	Use proper reference in [HTML] for task queue
ce749a5	2017-08-24	Add categorization of security and privacy threats
f15d394	2017-08-24	Fix #253: Stop using incumbent settings object
0f709e3	2017-08-16	Do not use the -ing form for consistency
73998ef	2017-08-15	Refer to the latest [FEATURE-POLICY] spec
e61c1cb	2017-08-15	Fix 'steps to determine the visibility state' dfn link
05f1d78	2017-08-11	Fix a broken link to HTML
2a41123	2017-08-09	Update echidna.sh
f899fe2	2017-08-09	Add `Level: none` to the metadata block
29a5579	2017-08-04	Modify example to use addEventListener and change table style
f865ef1	2017-08-03	Be explicit about steps taken when a Sensor instance is GCed
