fd17cf0	2017-09-26	Change the default HWM for transform stream readableStrategy to 0
567d320	2017-09-26	Add some extra asserts to TransformStream to clarify invariants
d5dbb63	2017-09-26	Remove the _readableController and _writableController slots
98f20d0	2017-09-25	Rename "transformStream" variables to "stream"
3ed5c79	2017-09-23	Fix access to removed _errored and _storedError slots
533ccd8	2017-09-22	Detect if the TransformStream errored inside write() and reject
3e2ac4e	2017-09-22	Throw errors early when given detached buffers
74806b3	2017-09-22	Always transfer ArrayBuffers given to byobReader.read()
569aef4	2017-09-22	Remove _errored and _storedError from TransformStream
104ba72	2017-09-22	TransformStream: add a test that start() is called exactly once
0b3ee58	2017-09-22	Include "erroring" in the list of states for WritableStream
9a5cdd3	2017-09-19	Remove assertion that RSDefaultControllerClose doesn't throw
f7f9d73	2017-09-15	TransformStream: test enqueue(), close(), error() in bad states
0e90723	2017-09-15	Add TransformStream tests for re-entrant strategies
0ce8ffd	2017-09-15	Tie the model to the API for pipe chains
87cdc05	2017-09-15	Don't be dismissive about the controller/stream division (#797)
89d32e2	2017-09-14	Clarify some of the ECMAScript conventions applied
f1ecc04	2017-09-08	Update acknowledgments and editorship
8a39c6a	2017-09-08	Fix interaction between writable.abort() and readable.cancel()
be948b6	2017-09-08	Editorial: explain and link [[CancelSteps]]/[[PullSteps]]
ad0dfef	2017-09-07	Remove TransformStream _readableClosed member
f9fa5c6	2017-09-06	Add brand check to ReadableStreamBYOBRequest constructor
9268304	2017-09-05	Remove TransformStream _transforming member
baff42c	2017-09-04	Permit any pending writes to complete on error
9e9ab5a	2017-09-02	Permit closing the writable to close the readable, even with HWM 0
cdf1432	2017-08-31	Test that TransformStream strategies are used correctly
e0c00d2	2017-08-31	Test that transform() can be called synchronously
fdeef47	2017-08-29	Revise abstract, introduction, and model
df2fa02	2017-08-29	Use promise_test in ported transform-stream.js tests
e33ca3c	2017-08-28	Add ReadableStreamDefaultControllerHasBackpressure operation and use it in TransformStream (#767)
bca1cd3	2017-08-25	TransformStream: propogate readable cancel() reasons
7d02240	2017-08-25	Add tests for TransformStream backpressure
35276ef	2017-08-23	Add brand checks to TransformStream tests (#772)
2b70152	2017-08-22	TransformStream: Make strategy arguments positional (#766)
3b4f206	2017-08-18	Move TransformStream strategies to second argument
6ede9ef	2017-08-16	Add "Default" to names of transform Sink and Source classes
051bb3b	2017-08-16	Port remaining TransformStream tests to wpt (#762)
9f6ae34	2017-08-15	Re-order transform-stream.js to standard order
406ed76	2017-08-01	Throw if undefined streams are passed to pipeThrough
