81690f6	2017-10-13	PI -> Math.PI in various JS algorithm specs
751dd49	2017-10-13	Remove confusing misuse of “mutually perpendicular” in AudioListener ctor args. Make variable naming in spatialization algorithm consistent with attribute names. Add a case to detect linearly dependent forward/up listener vectors in spatialization algorithm. Fix assorted typos in Listener/Panner descriptions.
9215fc9	2017-10-11	Addresses feedback from joe
f9099cd	2017-10-11	Fix #1416: Fix typos in PeriodicWave Constructor
9ac7cfc	2017-10-09	Fix #1404: Fix link to mixing equations
da2e469	2017-10-09	Fix #1396: Add AudioWorkletNode default properties
525f99e	2017-10-09	Fix #1411: Adjust table styling for node and param tables
b9047c4	2017-10-09	Tidy
d1ebb73	2017-10-09	Fix #1406: Add channel interpretation constraints
6af470b	2017-10-09	Linkify more loop stuff in AudioBufferSourceNode
0b04d8b	2017-10-06	Run tidy
f26138c	2017-10-06	Reimplement in a possibly nicer way.
697f710	2017-10-06	Ignore .support directory
a0d5d01	2017-10-06	Don't add dfn for duration.
a69c553	2017-10-06	Fix #1402: Linkify loop/loopEnd/loopStart in Looping section
d6f9f3e	2017-10-06	Fix #1395: ABSN loop limited by duration
2a372d9	2017-10-06	Remove text descriptions of nominal range.
85c895d	2017-10-06	Put back audioparam-info css
ee9daf5	2017-10-06	Remove audioparam-info css to make merging easier.
a6fbf6e	2017-10-06	Fix #1394: Define time domain down mixing for Analyser
456a7fc	2017-10-06	Fix #1399 Add Chair to ackowledgements
e83ff6e	2017-10-06	and after running tidy
7c777d1	2017-10-06	Removing .support files and acknowledgement edit
22f11b2	2017-10-06	Fix #1385 AnalyserNode.channelCount should probably be 2
dfda775	2017-10-05	Fix #1392: Fix typo in AudioNodeOptions description
cc86945	2017-10-04	Fix #1348: Remove default constructor for AudioContext
b7fbf75	2017-10-04	Changed export to just the objects.
6689d89	2017-10-04	Remove old png version
3f9f18a	2017-10-04	Fix #1357: More descriptive channel merger diagram
2896cb2	2017-10-03	Fix table indentation
f5f655b	2017-10-03	Fix table indentation
d35de7d	2017-09-29	More clarification on `outputChannelCount` property
e0afd10	2017-09-29	Address feedback from rtoy@
4628540	2017-09-29	Tidy
e3a669f	2017-09-28	Fixed the description in process() method
0b0aa0f	2017-09-28	Initial commit
51535f0	2017-09-28	Don't use infinity for the AudioParams
6a7c2ae	2017-09-28	Clean up some table entries.
f0995c2	2017-09-27	Tidy
e53ea3c	2017-09-27	Fix #1382: Fix links of the form #dfn-foo
28e6351	2017-09-27	Fix #1380: Update #idl-def-foo links
70aeb38	2017-09-27	Remove text in favor of table entries.
8cb2579	2017-09-27	Fix #1375: Replace "method-algorithm" class with "algorithm"
7145bf2	2017-09-27	Fix #1373: Fix bad links in FFT Windowing section.
ee154ed	2017-09-27	Fix #1351: Add corrections to stop algorithm
a4e5dbf	2017-09-27	Fix #1366: Remove API Change Log section
6cb5e44	2017-09-27	Fix #1369: Use correct dfn for channelInterpretation
ae168ce	2017-09-27	Addresses feedback from rtoy
0c61ebb	2017-09-27	Fix #1360: Define AudioParam downmixing
fabb912	2017-09-27	Fix #1123: Add IDL index section (#1367)
5fde671	2017-09-26	Fix #1361: Clarify nominal range for simple parameters
62ca4e0	2017-09-26	Fix #1355: Remove code snippet from ScriptProcessorNode
9e2e4c6	2017-09-25	Fix broken p tag and missing tr tag in audio param tables.
e8bbb0d	2017-09-25	Fix typo.
80ea55e	2017-09-25	Remove commented-out stuff
b7ca241	2017-09-25	Fix #1309: Fix typo in MSASN options parameter description (#1345)
9c781ff	2017-09-25	Fix #1307: Periodically extend square and sawtooth wave (#1346)
730940f	2017-09-25	Address rtoy comments
e6d3ce8	2017-09-25	Fix #1350: Compressor has a tail time ref (#1354)
7abdc23	2017-09-25	`{PannerNode,AudioListener}.{setPosition,setOrientation}` should throw when set while an automation curve is active.
d4f5fc2	2017-09-22	Tidy
3c4ed44	2017-09-22	Fix #1352: ABSN.detune is of type AudioParam
85f585a	2017-09-22	Fix bad merge the used the old #widl link.
98b6984	2017-09-22	Fix #1299: Add table for each AudioParam
467594d	2017-09-22	Tidy
cfc8ffb	2017-09-22	Fix #1304: Add table for node properties
375921f	2017-09-22	Addressed feedback from rtoy/joeberkovitz + fixed indentation issue
9e60a10	2017-09-22	Add missing comma after "Exposed=Window". (#1349)
bd229f3	2017-09-22	Use [Exposed]. (#1347)
f1eca88	2017-09-22	Fix additional misnamed link destinations.
7aa6a79	2017-09-21	Initial change
109d07c	2017-09-21	Fix #1310: Swap order of dfn and code tags
f86cb7e	2017-09-21	Fix #1311: Add math markup for setValueCurveAtTime
da18495	2017-09-21	Fix #1312: Fix typo in descripton nominal range/compound parameter
ebccd9a	2017-09-21	Fix broken “#widl-“ links
eeea7e7	2017-09-21	Respond to @rtoy feedback
83b6e90	2017-09-20	Have ABSN acquire its buffer content when the buffer is set and start() has been called. Also handle null buffer case in playback algorithm.
4b2fe9a	2017-09-20	Clarify behavior of AudioParam.value setter w/r/t exceptions.
7563350	2017-09-20	Fix #1333: Describe stop algorithm correctly.
2b9acfc	2017-09-20	Fix #1302: Describe AudioScheduledSource start/stop methods
c6329bd	2017-09-20	Fix #1300: Describe how to use AudioContextOptions in AudioContext
83aeac5	2017-09-20	Fix #1328: Remove local copies of respec-w3c-common
f526277	2017-09-20	Fix typo in createStereoPanner description.
7b43f36	2017-09-18	Run Tidy
5548e45	2017-09-18	Add back missing disconnect(destination) method.
e54ce64	2017-09-14	Update webaudio-CR-transition.md
4274496	2017-09-08	Add dfn for enum attributes
064a63d	2017-09-08	Fix typo; it's diableNormalization (singular).
8089dc2	2017-09-08	More dfn fixes.
47de313	2017-09-07	Tidy
8d4d6e7	2017-09-07	Get correct links for WaveShaperNode and fix typos.
3ab9d53	2017-09-07	Add missing dfn's for interfaces
3258cde	2017-09-07	Add dfn for all the options dictionaries
f046d5c	2017-09-07	Set correct links for channelCount.
3253cbe	2017-09-07	Fix bad links to min/maxDecibels
8500591	2017-09-07	Fix another headerless section warning.
da34263	2017-09-07	Fix up dfn for "source nodes".
f16fdc6	2017-09-07	Put back defn of Nyquist frequency
dc0e141	2017-09-07	Fix respec warning about Introduction section.
667c418	2017-09-07	Remove commented-out MediaStreamAudioDestination stuff
761b148	2017-09-07	Fix typo: mediaStreamTrack is required
8f9dcff	2017-09-07	Remove commented-out MediaStreamTrackAudioSource stuff
2ee57a1	2017-09-07	Tidy
dbea9a1	2017-09-07	Remove commented-out MediaStreamAudioSource stuff
2b3796b	2017-09-07	Tidy
8c72a3a	2017-09-07	Fix duplicate defs of real and imag in PeriodicWaveOptions
74c4377	2017-09-07	Remove commented-out PeriodicWave stuff
2dd1bf6	2017-09-07	Add back some missing text
75ae3ea	2017-09-07	Remove commented-out Oscillator stuff
6268694	2017-09-07	Remove commented-out WaveShaper stuff
7d23e7b	2017-09-07	Remove commented-out IIRFilter stuff
f991fb2	2017-09-07	Tidy
4809883	2017-09-07	Forgot to remove some other commented-out stuff.
9f736ca	2017-09-07	Add some missing links to how to initialize a node.
c55312d	2017-09-07	Tidy
ce395b4	2017-09-07	Add back some missing text.
f217982	2017-09-07	Remove commented-out BiquadFilter stuff
8ed526e	2017-09-07	Remove commented-out DynamicsCompressor stuff
948361f	2017-09-07	Tidy
9fb0235	2017-09-07	IDL for ChannelMergerOptions was missing!
a972f39	2017-09-07	Fix typo in last change.
def4bdb	2017-09-07	Add back some missing text.
db20547	2017-09-07	frequencyBinCount is readonly
1033ec8	2017-09-07	Fix repsec errors
5cd1ac6	2017-09-07	Remove commented-out Analyser stuff
93c7494	2017-09-07	Remove commented-out Convolver stuff
ad431dd	2017-09-07	Remove commented-out StereoPanner stuff
493878a	2017-09-07	Fix typo. upX should have been upZ
0e65d29	2017-09-07	Remove commented-out AudioListener stuff
f4abf80	2017-09-07	Remove commented-out Panner stuff
da505fb	2017-09-07	Fix typo in AudioProcesssingEventInit
2b7058f	2017-09-07	Remove commented-out ScriptProcessor stuff
7f166e2	2017-09-07	Remove duplicate definitions
770ff57	2017-09-07	Tidy
baf377d	2017-09-07	Fix some typos and add missing text.
de8756f	2017-09-07	Remove more commented-out AudioWorklet stuff
6957a39	2017-09-07	Remove commented-out AudioWorklet stuff
5dfc076	2017-09-07	Remove commented-out MediaElementAudioSource stuff
83ec82d	2017-09-06	Remove commented-out ConstantSource stuff
62dac9b	2017-09-06	Add green highlighting to optional AudioBufferOptions option
6f1e314	2017-09-06	Remove commented-out AudioBufferSource stuff
2911e6b	2017-09-06	Remove commented-out AudioBuffer stuff
18cfd3e	2017-09-06	Fix up some missing things
f378160	2017-09-06	Remove commented-out DelayNode stuff
2f658f3	2017-09-06	Remove commented-out AudioNodeOptions stuff
d1696c3	2017-09-06	Remove commented-out AudioNode.connect stuff
f49a65f	2017-09-06	Remove commented-out AudioContextLatency stuff.
46a0cf2	2017-09-06	Remove commented-out AudioParam stuff.
4e1e92f	2017-09-06	Remove old commented-out gain node stuff.
1028242	2017-09-06	Fix incorrect data-dfn-for for AudioScheduledSourceNode
05bca2a	2017-09-06	Remove commented-out stuff
c31005d	2017-09-06	Remove commented-out stuff
223f7d1	2017-09-06	Fix some markup and other things
55a3e78	2017-09-06	Tidy
8acd3a0	2017-09-06	Add back missing AudioNode attributes.
a193c47	2017-09-06	Tidy
bb25afc	2017-09-06	Remove commented out stuff
9c4501a	2017-09-06	Fix typo.
abf41ac	2017-09-06	Manually apply missing changes from pr #1281
0124f92	2017-09-06	Manually apply pr #1285
e17fa47	2017-09-06	Remove duplicate dfn of BaseAudioContext
2f766e9	2017-09-06	Add dfn BaseAudioContext as the section
ce581d1	2017-09-06	Fix multiple dfns for channelCount and mode.
7af622f	2017-09-06	Fix typo in comment tag.
e687dff	2017-09-06	Tidy
8a8f6fc	2017-09-05	Remove all other dfns for connect and disconnect.
d445798	2017-09-05	Add dfn for BaseAudioContext and the decode callbacks.
446d39e	2017-09-05	Tidy
29ab3d2	2017-09-05	Convert MediaStreamAudioDestinationNode to contiguous idl
6ecb8f3	2017-09-05	Tidy
70c610e	2017-09-05	Fix up typos.
98cb0db	2017-09-05	Forgot to copy over a paragraph
1535966	2017-09-05	Convert MediaStreamTrackAudioSourceNode to contiguous idl
9a932f4	2017-09-05	Tidy
2f68a22	2017-09-05	Convert MediaStreamAudioSourceNode to contiguous idl
62e9af0	2017-09-05	Tidy
c737562	2017-09-05	Manually apply the startRendering update.
5ff26d8	2017-09-05	Restrict usage of internal buffer slot in OfflineAC to startRendering().
5874417	2017-09-01	Tidy
269486d	2017-09-01	Convert PeriodicWave to contiguous idl
0b2da79	2017-09-01	Tidy
b72168b	2017-09-01	Convert Oscillator to contiguous idl
61cad96	2017-09-01	Tidy
3ff6ee1	2017-09-01	Convert WaveShaper to contiguous idl
74ae24c	2017-09-01	Tidy
640e3bb	2017-09-01	Convert IIRFilter to contiguous idl
db3ab47	2017-09-01	Tidy
ab335b5	2017-09-01	Convert BiquadFilter to contiguous idl
fe6067e	2017-09-01	Tidy
eead624	2017-09-01	Convert DynamcisCompressor to contiguous idl
ea91b2f	2017-09-01	Tidy
af018ae	2017-09-01	Convert ChannelMerger and ChannelSplitter to contiguous idl
9882ec8	2017-09-01	Tidy
3751669	2017-09-01	Add AnalyserOptions
9ba4e47	2017-09-01	Tidy
962dab9	2017-09-01	Remove old stuff
289482b	2017-09-01	Convert Analyser to contiguous idl
6e095ec	2017-09-01	Tidy
de48c2d	2017-09-01	Convert Convolver to contiguous idl
8deacd9	2017-09-01	Tidy
f6ec205	2017-09-01	Convert StereoPanner to contiguous idl
3b9bbf5	2017-09-01	Tidy
1fbc1b4	2017-09-01	Convert AudioListener to contiguous idl
e0211b2	2017-09-01	Reverse order of dfn and code tags
531ee5b	2017-09-01	Remove old commented-out BaseAudioContext stuff
7877d47	2017-09-01	Respond to @rtoy and @hoch feedback by pre-rejecting Promise if AudioBuffer ctor throws.
7cf8ae1	2017-09-01	Address comments from @marcoscaceres
ce39882	2017-08-31	Tidy
a568235	2017-08-31	Add PannerOptions
2332cec	2017-08-31	Tidy
98b1576	2017-08-31	Add PannerNode idl, methods and attributes
3944e94	2017-08-31	Tidy
205b75e	2017-08-31	Convert PannerNode to contiguous idl
e458699	2017-08-31	Tidy
87bd29c	2017-08-31	Add AudioProcessingEventInit
f13f33c	2017-08-31	Convert ScriptProcessor to contiguous idl
b2ac92c	2017-08-31	Tidy
e0883c4	2017-08-31	Add AudioContextInfo
018e325	2017-08-31	Tidy
86974b2	2017-08-31	Add AudioParamDescriptor
ff3dcbd	2017-08-31	Tidy
50b772b	2017-08-31	Add AudioWorkletProcessor
d15b43d	2017-08-31	Tidy
72aeb2c	2017-08-31	Add AudioWorkletNodeOptions
c2b7465	2017-08-31	Tidy
4ea88ae	2017-08-31	Add AudioWorkletNode
61a1671	2017-08-31	Tidy
febc130	2017-08-31	Convert AudioWorklet to contiguous idl
ad1a02d	2017-08-31	Tidy
5d2b815	2017-08-31	Add dictionary
a0cb533	2017-08-31	Tidy
fda876d	2017-08-31	Convert MediaElementAudioSourceNode to contiguous idl
1afd137	2017-08-31	Address WG feedback
7ae6be7	2017-08-31	Tidy
756e558	2017-08-31	Add ConstantSourceOptions
bee48ae	2017-08-31	Tidy
46dc83e	2017-08-31	Convert ConstantSourceNode to contiguous idl
78696fe	2017-08-30	Tidy
c0a502f	2017-08-30	Add AudioBufferSourceOptions dict
f7cdc0a	2017-08-30	Tidy
7545fbe	2017-08-30	Add attributes and methods
496176f	2017-08-30	Tidy
774b2cb	2017-08-30	Convert AudioBufferSource to contiguous idl
8f3642f	2017-08-30	Tidy
22812a2	2017-08-30	Add AudioBufferOptions
51bc833	2017-08-30	Tidy
6476155	2017-08-30	Convert AudioBuffer to contiguous idl
9bc5a71	2017-08-30	Tidy
b237962	2017-08-30	Convert DelayNode to contiguous idl
01ac341	2017-08-30	Tidy
c458ed1	2017-08-30	Convert GainNode to contiguous idl
a54bb9b	2017-08-30	Tidy
cb7e1e5	2017-08-30	Convert AudioScheduledSoorceNode to contiguous idl
cb40b23	2017-08-30	Tidy
36ec66a	2017-08-30	Add setValueCurveAtTime
160b4a6	2017-08-30	Tidy
68710b6	2017-08-30	Add setValueAtTime
77f0e9b	2017-08-30	Tidy
40e6ffa	2017-08-30	Add setTargetAtTime
01a7cac	2017-08-30	Tidy
e27c8b0	2017-08-30	Add linearRampToValueAtTime
2400b10	2017-08-30	Tidy
662a5dc	2017-08-30	Add exponentialRampToValueAtTime
caedd32	2017-08-30	Tidy
cac1635	2017-08-30	Add cancelScheduledValues
46af3cf	2017-08-30	Linkify return type
921e2b5	2017-08-30	Replace <> with html chars.
6f2962c	2017-08-30	Set return type of cancelAndHoldAtTime.
e04a316	2017-08-30	Convert AudioParam to contiguous idl.
a9efd52	2017-08-30	Tidy
8c43e90	2017-08-30	Forgot readonly attribute
220501f	2017-08-30	Fix typo in span class name.
43477b4	2017-08-30	Convert AudioDestinationNode to contiguous idl.
b01995a	2017-08-30	Convert AudioNodeOptions to contiguous idl.
41afb01	2017-08-30	Merge from offline-context and tidy.
d60af1a	2017-08-30	Merge and tidy
0b2377b	2017-08-30	Tidy
12357ab	2017-08-30	Fix typo in closing tag for dfn.
be1a062	2017-08-30	Add more disconnect methods for AudioNode.
0edf973	2017-08-28	Need more code markup.
82946fe	2017-08-28	Need more code markup, and clean up typos.
a31ab0a	2017-08-28	Need more code markup.
a74250e	2017-08-28	Fill in nullable/optional fields for createBuffer
594023c	2017-08-28	Need more code markup.
ec1bca7	2017-08-28	Need more code markup.
90226ff	2017-08-28	fix up typos in markup
9db3056	2017-08-28	Fix up some typos.
cd023fd	2017-08-28	Tidy
1f39e70	2017-08-28	Add more disconnect methods for AudioNode
457aaf6	2017-08-28	Tidy
da180c8	2017-08-28	Fix errant html tags
9b65068	2017-08-28	Add disconnect() to AudioParam method
ef7bd81	2017-08-28	Add connect to AudioParam method
1031d43	2017-08-28	Add connect method
b47c9d4	2017-08-28	Add attributes: ChannelCountMode and ChannelInterpretation
5b8e37e	2017-08-28	Tidy
45b510f	2017-08-28	Put back missing close-comment tag
dcd0851	2017-08-28	Tidy
924a479	2017-08-28	Fix up OfflineAudioCompletionEventInit
79a548f	2017-08-28	Add one method description.
ba2d70e	2017-08-28	Tidy
792294e	2017-08-28	Add OfflineAudioContext methods.
21ec7b0	2017-08-28	Convert AudioNode to contiguous idl
def9d26	2017-08-28	Convert OfflineAudioCompletionEvent to contiguous idl
8e98750	2017-08-28	Convert OfflineAudioContextOptions to contiguous idl
de18388	2017-08-28	Tidy
5257025	2017-08-28	Forgot to replace a few more dl class="idl" places
0fafe14	2017-08-28	Replace dl ... clas="idl"
914deed	2017-08-28	Convert OfflineAudioContext to contiguous idl
4fd67aa	2017-08-25	Mark as AudioContext constructor method algorithm
55b9ac1	2017-08-25	Tidy
e21f771	2017-08-25	Add Constructor section body that we missed.
4374468	2017-08-25	Tidy
9252a80	2017-08-25	Convert AudioTimestamp to contiguous idl
9129a98	2017-08-25	Tidy
e16143f	2017-08-25	Convert AudioContextOptions to contiguous idl
5315642	2017-08-25	Don't try to use tidy if we just found out there is no tidy on the machine.
4b183cd	2017-08-25	Tidy
8b3ee5d	2017-08-25	Convert AudioContext to contiguous idl
74a5607	2017-08-25	Don't try to use tidy if we just found out there is no tidy on the machine.
4140e69	2017-08-23	Add missing space (#1294)
71c1f3a	2017-08-23	Addressing feedback from padenot@
690b9a9	2017-08-23	Addresing feedback from @rtoy
98a9df0	2017-08-23	Reordering
f87704c	2017-08-23	Fix the event type to `statechange`
bb6ee07	2017-08-23	Addressing feedback from @joeberkovitz
5ffa1a4	2017-08-23	Apply tidy
2407420	2017-08-23	Fix `processorConstructor` link
8bf921b	2017-08-23	Revise instantiation process of AWN/AWP - Rewrite the algorithm. - Add `node name to parameter descriptor map`.
0f7575b	2017-08-23	Update webaudio-CR-transition.md (#1291)
e0b75d2	2017-08-22	Fix warnings about using http://www.w3.org/
7d67b9e	2017-08-22	Tidy.
570a011	2017-08-22	Replace <> with HTML markup; fix some typos.
0ba27db	2017-08-22	Finish off BaseAudioContext.
5ed0d60	2017-08-22	Fix #833: Convert to Contiguous IDL
800c318	2017-08-22	Specify Dropping frames forever.
4de6eca	2017-08-21	Remove the shortcut link type
e9fdd7b	2017-08-21	Remove the type attribute on the favicon
bbde2d6	2017-08-21	Add favicon
