4bb24bf	2017-10-12	Link "extension identifier" as requested in #602
6563f22	2017-10-12	Also update bikshed-include to fix the double-Abstract problem
1b4c244	2017-10-12	Update to newest bikeshed state
1308537	2017-10-12	Fix grammar in description of attested credential data length
6594dc7	2017-10-12	s/ID/credential ID/
9a54218	2017-10-12	Name the parameters and variables in authenticatorGetAssertion.
f94ed91	2017-10-12	update CTAP ref with correct authors and URL (#638)
97e8af0	2017-10-12	Rewrite the "make an assertion" introduction to clarify how get() works. (#611)
b7613fa	2017-10-12	Fix #551 - Define a Store method for PublicKeyCredential.
95fd62a	2017-10-12	Fix User.ID example
527aaf6	2017-10-12	Add a Relying Party conformance class. (#604)
490eeaf	2017-10-12	Link attestation statement and -format in ยง6.1 step 10
9598e1d	2017-10-11	Relaxing user prompt requirements in certain cases
1674caa	2017-10-11	updated the definition of authenticator (#607)
2d3732b	2017-10-11	Require authenticators to implement the signature counter (#630)
c16fafd	2017-10-11	remove not needed closing bracket
997e749	2017-10-11	Fix [=RP=] links that should be [=[RP]=].
29c00ca	2017-10-11	Improve the counter wording.
c514c5a	2017-10-11	Link "item" and use tuple rather than pair syntax for keys.
c4b96d2	2017-10-11	Name the parameters and variables in authenticatorMakeCredential.
d89c503	2017-10-11	Sign counter alg clarification [see issue #507] (#539)
e65e43e	2017-10-11	Use || uniformly for concatenation. (#615)
8b23fb8	2017-10-11	Rewrite Generating an Attestation Object as an algorithm. (#600)
e74d8c4	2017-10-10	Fix #609: Formally define User Handle (#616)
d0a010c	2017-10-09	Fix #618 - Make PublicKeyCredential.isPlatformAuthenticatorAvailable static
151504e	2017-10-05	Remove errant reference to [=attested credential data=]
7162ea1	2017-10-05	Update Figure 1 to agree with 2de6bfb
2de6bfb	2017-10-05	Rename attestation data to attested credential data
6820c71	2017-10-05	Add reference to credentialPublicKey
089c10e	2017-10-05	Number the steps in the authenticator operations.
9a1c34f	2017-10-05	Give authData and attestationData fields formal names
5630b47	2017-10-04	Updates per jyasskin review, referencing CDDL 3.5.1
17539f5	2017-10-03	Add Vagrantfile for a VM with bikeshed installed
e63537f	2017-10-02	Change user id to user handle
0141d97	2017-09-28	Corrected inaccuracy in authenticator extension processing description
26552c4	2017-09-28	Make user.id a byte array (#586)
2ec5267	2017-09-28	Clean up COSEAlgorithmIdentifier loose ends (#580)
4aa72b6	2017-09-27	Fix syntax errors in JavaScript examples.
3e86e70	2017-09-25	Fix #577 - CDDL for attStmtTemplate is ambiguous
ee912ee	2017-09-23	Fix reference to UTF8
67e922c	2017-09-22	Clarify excludeCredentialDescriptorList (#573)
f37cfc5	2017-09-20	Address security and privacy issues witht the iconURL (#545)
5502d42	2017-09-18	Clarifying signing procedure for U2F attestation
6e45cc1	2017-09-18	Clarify Safetynet attestation return value
f6f8517	2017-09-13	Update index.bs
25dfc77	2017-09-13	Update index.bs
db1be80	2017-09-13	Fix Android attestation (#546)
5e2f228	2017-09-13	Update index.bs
dcf7939	2017-09-13	using descriptive names for authenticator selection criteria (#555)
eb401b7	2017-09-13	Remove user agent getting user consent sentence (#553)
92f4b32	2017-09-09	Update index.bs
0ce6b12	2017-09-09	Update index.bs
f6499b2	2017-09-09	Update index.bs
c96b64b	2017-09-09	Update index.bs
3e0d291	2017-09-08	Update index.bs
ac89087	2017-09-08	Plumb User ID through
14c2733	2017-09-01	fix proper subset tweak (#542)
