3e13964	2017-09-26	CODEOWNERS: add (#1109)
2f17a1f	2017-09-15	Fix typo
c0508fe	2017-09-15	actions: remove unnecessary 'a' in 'consisting of a three ticks' (#1094)
09eb3e6	2017-09-11	Update implementation-report.md
cbd6c0b	2017-09-11	user prompts: drop mention of window.print
23a14d7	2017-09-11	fullscreen window: restore window first
533fd73	2017-09-08	Correct links in implementation report
63bb7c8	2017-09-07	Add link to Selenium implementation report
0856161	2017-09-07	Update implementation report to say "WebKit GTK"
47e9139	2017-09-07	populate implementation report
3afe212	2017-09-06	Update webdriver-spec.html
60a0ee3	2017-09-05	set window rect: restrict to signed 32-bit integer input
384f997	2017-09-05	make it clear that browser contexts should be focused (#1083)
efc891d	2017-09-01	Differentiate connected and unconnected elements for getting a web element.
5020016	2017-09-01	Make links go to the right place
3fcc4fa	2017-08-31	Fix ReSpec error
5e45a35	2017-08-31	stop styling null and undefined types
17bce74	2017-08-31	take element screenshot: deserialise input before other steps
897ea11	2017-08-30	not in the same tree: use node document over ownerDocument attribute
f63cd6c	2017-08-30	is stale: take document into account
50d461e	2017-08-30	calculate the absolute position: make algorithm more concise
1d43225	2017-08-30	Loosen `noProxy` values.
c92f530	2017-08-30	"Getting a known element" already checks for staleness
7bf418c	2017-08-30	Mark fields as strings for scrollIntoView
b30be7c	2017-08-30	Element IDs must be the same for the same element
4c3d129	2017-08-30	Clarify language when defining `window handle`
7138eb3	2017-08-30	Remove issue notice: meta-redirects should be honoured
f140222	2017-08-30	Get Status: Link to readiness state definition
0a0d866	2017-08-30	Refer to the page load types indirectly
f296a99	2017-08-30	JSON parsing is not a `tryable` function
2670cbe	2017-08-30	Simplify language when checking if session is present
963cad3	2017-08-30	Write the definitions used by Algorithms in English
ab62137	2017-08-30	Consistently format `null` and `undefined`
8a97da3	2017-08-30	Move Get Active Element to Element Retrieval (#1071)
9d37cb1	2017-08-30	Close brackets in formulas
dfc288d	2017-08-30	Transportation of elements is "via" the protocol
0987c16	2017-08-30	Window Rect JSON fields are strings
8272450	2017-08-30	Each OS has a window manager: correct apostrophe placement
212f27f	2017-08-30	Add quotes around an HTML class
c728757	2017-08-30	Betterer English: one navigates _to_ somewhere
f1317b1	2017-08-30	Move quotes outside of <code> sections
bca05cd	2017-08-30	Semicolon abuse prevention.
f27200e	2017-08-30	Allow extension commands to be routed
bf84148	2017-08-30	Edit: `an` is only used before a vowel.
1b5fff1	2017-08-30	Wrap quotes around field names...
f0aaf91	2017-08-29	Specify default ports in proxies if omitted.
33b1404	2017-08-29	error handling: formalise optional error data
6d0d1f4	2017-08-29	new session: clarify the field types on the JSON Object response body
ed63a85	2017-08-29	send a response: clarify that value field is a string
d6ac114	2017-08-29	send an error: clarify that JSON Object fields are strings
93740e2	2017-08-29	get element rect: clarify that JSON Object fields are strings
548b8dc	2017-08-29	editable: editorial punctuation fixes
59e322e	2017-08-29	scroll into view: improve definition of ScrollIntoViewOptions
32a477b	2017-08-29	is stale: take shadow root into account
060475a	2017-08-29	executing script: validation fixes
0282367	2017-08-29	use modern function calling techniques (#1050)
01195aa	2017-08-25	capabilities: make note about platform names less confusing (#1048)
e750df2	2017-08-25	navigation: put navigation steps in the right place (#1041)
86d19b4	2017-08-24	Unknown command is a 404, not a 501
d678562	2017-08-24	Status Codes: mark not found resources as 404 (#1043)
6e6575c	2017-08-23	Navigate Command renamed to Navigate To
91fc6c2	2017-08-23	Rename Go to Navigate
1b13c49	2017-08-23	Ensure deserialization of parameters happens before other checks.
7ba5491	2017-08-23	Update execute a function body for modern ES/html. Fixes #869
f9225a4	2017-08-23	[Element Send Keys]: set the insertion point
f09ea8f	2017-08-23	Top-level options MUST be forwarded
c0cc934	2017-08-23	[Execute Script] Note about CSP policies being ignored.
b014409	2017-08-23	[Get Title]: Get the IDL of the title
e5426c2	2017-08-23	Remove wait for scrolling as this is synchronous already.
eea2502	2017-08-23	Clarify how intermediary nodes can modify New Session
95f816a	2017-08-23	Do not wait for navigation to complete for file urls on Refresh. Fixes #864
0cc1d5b	2017-08-23	[Element Click]: modify how we wait for navigation
cd8c0de	2017-08-23	Make the spec validate again
9bc8839	2017-08-23	Clarify language in Switch To Window
df53a1c	2017-08-23	Layout should be complete before screenshots are taken.
e259f1e	2017-08-22	[Set Window Rect]: no need to restore twice
1313c9e	2017-08-22	Acknowledge the evil-bitness of interface change (#1025)
eef1fa9	2017-08-22	Return an unknown error if an http request makes no sense (#1024)
fb407ff	2017-08-22	maximize window: restore window first
490a40c	2017-08-22	set window rect: restore window first
e5c7f5c	2017-08-21	window rect: drop window state field
83dbc1e	2017-08-21	maximize window: make maximization steps a definition
4c76812	2017-08-19	Revert "Allow getting and setting of implementation-specific timeouts"
c5a9904	2017-08-18	New Session: firstMatch must have entries
b6cc878	2017-08-18	Timeouts: tighten definition to exclude implementation-specific timeouts.
ace9841	2017-08-18	Allow getting and setting of implementation-specific timeouts
ee8c8d1	2017-08-18	Proxy: if `pac` require a config url
01d01ab	2017-08-18	Socks Proxy requires Socks Version
601d172	2017-08-17	Use an extension capability in the extension capability example
553206c	2017-08-17	Make element locator strategies "tryable"
f711547	2017-08-17	Correct `invalid element state` example
9f9707b	2017-08-17	Clarify that network error and unsucessful HTTP result aren't the same
cedb5a6	2017-08-17	Clarify the language in Get Page Source.
0268e60	2017-08-17	Element interaction: BODY only interactable in HTML docs
09e8b13	2017-08-17	Make definition of `editable` clearer
1e1e590	2017-08-17	Make Minimize Window idempotent
