c3e67b3	2017-10-12	Editorial: Add note about SyntaxError DOMException (#459)
fa6f37f	2017-10-11	Link grammar elements in the grammar index to one another
45e8173	2017-10-11	Add support for interface mixins
76c5192	2017-10-11	Fix grammar conflicts
04e2bdd	2017-10-11	Check grammar is LL(1) as part of Travis builds
e99b578	2017-10-05	More ECMAScript biblio cleanup (#451)
ae709e1	2017-10-03	Editorial: fix spelling mistakes (#454)
93f9ef0	2017-09-25	De-emphasize constants (#447)
a6a713f	2017-09-22	Add a section on overloads vs. union/optional (#426)
12add43	2017-09-19	Editorial: fix copy/paste error in [EnforceRange] section
2b1a990	2017-09-12	Remove legacy callers
f97da39	2017-09-11	Use abstract-op appropriately
d2d2ca4	2017-09-11	Remove outdated ES abstract op list
50f9f57	2017-09-11	Remove confusing "type" linking
187e361	2017-09-11	Reword internal methods and slots definition
a7d3949	2017-09-11	Do not version the ECMAScript spec used
d28583e	2017-09-08	Meta: Use OrdinarySetWithOwnDescriptor (#435)
931394e	2017-09-05	Meta: fix links in README.
fe807e4	2017-09-04	Link to ES for "array index" (#427)
98476ce	2017-09-01	Editorial: correctly reference ES bindings section on constants (#431)
93dc13d	2017-08-30	Add [LegacyNamespace] to allow defining an interface in a namespace (#425)
b0d3b75	2017-08-30	Editorial: fix incorrect sentence about dictionaries (#424)
f869be8	2017-08-24	Editorial: Improve advisements for legacy APIs (#416)
02d4503	2017-08-24	Update SessionManager example (#421)
080bcea	2017-08-19	Link function objects and constructors to relevant DFNs in ES (#418)
cfe97e1	2017-08-19	Update and link ES exception handling (#417)
