19827c9	2017-10-02	Added dated version v20171002
8f80575	2017-10-02	Editorial: Update change log
9bc2856	2017-09-28	Link to promise terminology
3e89a6f	2017-09-28	setParameters: Fix review comments
0df0ca7	2017-09-28	RTCRtpSender.setParameters: Add parallel section with hw encoder error
f57bb9d	2017-09-28	setParameters: Do argument checks in sync section
2aedb11	2017-09-28	RTCDtlsTransport: Add text about generic state updates
c90de5c	2017-09-28	Fix typo (review comment)
6f50a3b	2017-09-21	Remove spaces
53ea075	2017-09-21	Fix a typo: RTCSessionSessionDescription -> RTCSessionDescription.
cc0fbe2	2017-09-18	DTMF examples
f2502d5	2017-09-15	Add 'resolved' (and variants) to Promise terminology
fbc3ee7	2017-09-15	Rename [[IceTransportGatheringState]] slot to [[IceGathererState]]
9caf541	2017-09-15	Addressed comment given at the 2017-09-14 Editor's meeting.
aaa02f5	2017-09-14	RTCIceTransport.gatheringState: Fix type inconsistency between IDL and description
f6ba8f9	2017-09-14	Updated according to the September 13 VI decision.
154a893	2017-09-14	ReceiveTrack -> ReceiverTrack
7971859	2017-09-14	unsigned short -> octet for codecPayloadType in table
6161320	2017-09-14	Codec params don't have "name" in WebRTC 1.0, they have "mimeType".
793a974	2017-09-14	Change payload type fields to octet.
3d5e807	2017-09-13	Revert "Adding `remoteTrackId` attribute to represent SDP-signaled track ID."
dac3d35	2017-09-13	Add Promise terms to Terminology section
3610317	2017-09-13	Add note that null candidate is for legacy compatibility
787b7f8	2017-09-12	connectionstate: add missing "one"
20e3445	2017-09-12	Ensure that "track" events fire before the SRD promise resolves. (#1519)
8d1fbf4	2017-09-11	Select sent codec via "codecPayloadType" field rather than reordering.
2213738	2017-09-11	Updated "An user agent" -> "A user agent".
9100c94	2017-09-11	Add some text about how the [[AssociatedMediaStreams]] slot is used
7608d8a	2017-09-11	Use internal slots for transceiver's sender/receiver and receiver's track
f8d7bcd	2017-09-10	s/RTCTransceiver/RTCRtpTransceiver
a8a7dfb	2017-09-10	Speced that rounding must be made up to nearest integer.
5195f2f	2017-09-08	Use internal slot for RTCRtpSender's track
95638a2	2017-09-08	RTCDtlsTransport: Use internal slots
ca817d3	2017-09-08	RTCIceTransport: Use internal slots
4f0ef95	2017-09-07	close all DtlsTransports in pc.close() (including sctp.transport) (#1565)
9845f81	2017-09-07	Add ICE candidates only to the applicable descriptions.
f2fdf90	2017-09-07	Added missin "l".
7da6a9f	2017-09-07	Fixed UA -> user agent.
adee435	2017-09-07	Fixed spelling of scaleResolutionDownBy in example.
c172105	2017-09-07	Patch for #1564.
730cd40	2017-09-07	Editorial: Link to 'Firing a something event' definitions
ec481e2	2017-09-06	Annotate all interfaces with Exposed extended attribute
066d7e7	2017-09-05	Editorial: Remove unreferenced [HTML] ref using respec post processing
8e7b443	2017-08-31	Clarify answer refers to description
3ee9539	2017-08-30	Fix "An candidate" and mention the "icegatheringstatechange" event.
77aa2db	2017-08-30	Harmonize and update our references to other specifications
5d79ac9	2017-08-30	Upgrade respec to benefit from subpages links in data-cite
642597a	2017-08-30	Respond to Taylor's comment
7dba45a	2017-08-30	Missing </ul>
58714b7	2017-08-30	Adding `remoteTrackId` attribute to represent SDP-signaled track ID.
f171248	2017-08-30	Add a section summarizing different ICE candidate events.
1e6ed2a	2017-08-29	Ensure the same ordering as for the "addTrack/createOffer" case.
021fff5	2017-08-29	Formalize how createOffer interacts with identity providers.
5ba6c78	2017-08-25	Fix closing </ol>
9cf9e30	2017-08-25	Clarify what exactly are offer and answer descriptions
6ebdd8b	2017-08-25	Clarify which session description to check for if negotiation is needed
e70dc31	2017-08-24	Remove conflict
f5c3b74	2017-08-24	Incorporate Taylor's comments
1be6828	2017-08-24	replace "a RTCsomething" with "an RTCsomething"
96b0beb	2017-08-24	Remove stray "
754a8c2	2017-08-24	Add sdpFmtpLine as require field in RTCCodecStats
89aeed6	2017-08-24	Improve wording about how the user agent decode contents
64f7ffc	2017-08-24	Reference rtcweb-data-channel for RTCPriorityType enum.
0907154	2017-08-24	Throw if a DataChannel, negotiated by the script, lacks id
2b885bb	2017-08-24	Make fields in RTCStats required
927e896	2017-08-24	SLD/SRD: Check if transceiver is stopped before setting currentDirection
55d8546	2017-08-24	Clarify how SDP can be modified
6137d09	2017-08-24	Fix typo and improve wordings
e7be671	2017-08-24	Update mandatory to implement stats fields to sync with webrtc-stats
f4d5abf	2017-08-24	Fix reference to validating assertion result in requesting assertions
67c38db	2017-08-23	A -> An
7d0e7ab	2017-08-23	A RTCPeerConnection -> An RTCPeerConnection
30871db	2017-08-23	Removed "entire"
66f712c	2017-08-23	markup fixes
0a69a98	2017-08-23	Clarify the meaning of session description sdp need not match
ae047f2	2017-08-23	Validate binaryType value when setting it in RTCDataChannel
c94ef88	2017-08-23	Allow createAnswer to be called only in valid signaling state
f5a2a9f	2017-08-23	Add note that IdP must treat contents as opaque
0076edc	2017-08-23	Wait for certificate to be generated before identity assertion process
f798246	2017-08-22	Fix typo in CSS
2d424aa	2017-08-22	Added dated version v20170822
4b744d7	2017-08-22	Editorial: Manually add default toJSON description (remove when automated)
cbd6c57	2017-08-21	Editorial: Update change log
1eb447f	2017-08-19	s/outboundrtp/outbound-rtp
9f0c4c9	2017-08-18	Fix capitalization
d8c9e1e	2017-08-18	Restore original steps
fffdfa8	2017-08-18	Remove CanInsertDTMF internal slot
a578d21	2017-08-18	Remove internal slot initialization
da3b29a	2017-08-18	Add internal slot
af88e79	2017-08-17	getCapabilities behavior with an unsupported value of kind
b148800	2017-08-17	Type checking for selectorArg in getStats is unnecessary
945b618	2017-08-17	Revert to "known good" respec
c44d5bf	2017-08-17	Update to respec.js version 16.0
d67a2af	2017-08-17	Clarify canInsertDTMF
a7efdbe	2017-08-17	respec.js version 16.0
ff641f0	2017-08-17	When DTMF can be sent
58b46c2	2017-08-17	No rollback in "stable" state
8c322e2	2017-08-16	change ResourceInUse to OperationError
b0ac6f1	2017-08-10	Remove duplicate info on method parameters
cf07291	2017-08-10	Fixing typo
d8c5547	2017-08-09	Remove SSRCs from RTCRtpEncodingParameters.
453ba4f	2017-08-09	Adding defaults for RTCRtpEncodingParameters.active and priority
90dc6b8	2017-08-09	Ignore RTCDataChannelInit.id if "negotiated" is false.
33f9e41	2017-08-09	Define what an "associated" transceiver is.
b01e887	2017-08-09	Clarify that ICE states should be "new" if there are no transports.
abdf3e5	2017-08-09	Update paragraph that introduces senders/receivers/transceivers.
684caa0	2017-08-09	Reference [[Direction]] internal slot from addTrack/removeTrack.
27f1ecf	2017-08-09	Specify how data channel priority enum is initialized from priority int
96338fe	2017-08-09	Making getParameters/setParameters matching logic more deterministic.
