5ee4d1d	2017-09-22	clarify security consideration regarding hub signature validation
a037ddf	2017-09-20	update editor's draft
bd8ae52	2017-09-20	Added a note in Security Considerations about the hashing algorithm protecting against a compromised TLS channel
9c4c4f6	2017-09-20	Add example of returning a different rel=self URL depending on the HTTP `Accept-Language` header.
276a88f	2017-09-20	update algorithm selection text
174a237	2017-09-18	add changelog entry for #119
171ff04	2017-09-13	add text for #119
fcd5faf	2017-09-10	Resolving issue #119 per Aaron's suggestion
3b6a64f	2017-08-27	add Flask-WebSub implementation reports
a65c308	2017-08-23	update editor's draft
5ed00f3	2017-08-23	Add text to note the subscriber's `hub.secret` should be cryptographically random and unique
40ad68d	2017-08-23	update changelog
1295fea	2017-08-23	drop host-meta method of discovery
20ca335	2017-08-23	add informative note about publisher->hub protocol
a467f5c	2017-08-23	add implementation report for mastodon
7f53760	2017-08-15	code escape markup in text
0e7e115	2017-08-15	add implementation report on diasporas behalf
b51d4d7	2017-08-15	delete boilerplate instructions at top
36e3c8d	2017-08-15	submit Falcon implementation report!
c7756be	2017-08-09	Add implementation reports for pubsubhubbub.appspot.com.
